

Started GET "/" for 82.230.143.56 at 2015-02-12 11:24:04 +0000
Processing by StaticPagesController#home as HTML
  Rendered static_pages/home.html.erb within layouts/application (54.9ms)
Completed 500 Internal Server Error in 5408ms

ActionView::MissingTemplate (Missing partial layouts/_shim with {:locale=>[:en], :formats=>[:html], :variants=>[], :handlers=>[:erb, :builder, :raw, :ruby, :coffee, :jbuilder]}. Searched in:
  * "/usr/local/rvm/gems/ruby-2.1.5@rails4/gems/web-console-2.0.0.beta3/lib/action_dispatch/templates"
  * "/home/ubuntu/workspace/app/views"
  * "/usr/local/rvm/gems/ruby-2.1.5@rails4/gems/web-console-2.0.0.beta3/app/views"
):
  app/views/layouts/application.html.erb:9:in `_app_views_layouts_application_html_erb__3126549498145037821_37504020'


  Rendered /usr/local/rvm/gems/ruby-2.1.5@rails4/gems/web-console-2.0.0.beta3/lib/action_dispatch/templates/rescues/missing_template.html.erb within rescues/layout (0.7ms)


Started GET "/" for 82.230.143.56 at 2015-02-12 11:24:15 +0000
Processing by StaticPagesController#home as HTML
  Rendered static_pages/home.html.erb within layouts/application (0.7ms)
Completed 500 Internal Server Error in 128ms

ActionView::MissingTemplate (Missing partial layouts/_shim with {:locale=>[:en], :formats=>[:html], :variants=>[], :handlers=>[:erb, :builder, :raw, :ruby, :coffee, :jbuilder]}. Searched in:
  * "/usr/local/rvm/gems/ruby-2.1.5@rails4/gems/web-console-2.0.0.beta3/lib/action_dispatch/templates"
  * "/home/ubuntu/workspace/app/views"
  * "/usr/local/rvm/gems/ruby-2.1.5@rails4/gems/web-console-2.0.0.beta3/app/views"
):
  app/views/layouts/application.html.erb:9:in `_app_views_layouts_application_html_erb__3126549498145037821_37504020'


  Rendered /usr/local/rvm/gems/ruby-2.1.5@rails4/gems/web-console-2.0.0.beta3/lib/action_dispatch/templates/rescues/missing_template.html.erb within rescues/layout (0.8ms)
  [1m[36m (13.7ms)[0m  [1mCREATE TABLE "schema_migrations" ("version" varchar NOT NULL) [0m
  [1m[35m (0.2ms)[0m  select sqlite_version(*)
  [1m[36m (10.2ms)[0m  [1mCREATE UNIQUE INDEX "unique_schema_migrations" ON "schema_migrations" ("version")[0m
  [1m[35mActiveRecord::SchemaMigration Load (0.1ms)[0m  SELECT "schema_migrations".* FROM "schema_migrations"
Migrating to CreateUsers (20150212130628)
  [1m[36m (0.1ms)[0m  [1mbegin transaction[0m
  [1m[35m (0.4ms)[0m  CREATE TABLE "users" ("id" INTEGER PRIMARY KEY AUTOINCREMENT NOT NULL, "name" varchar, "email" varchar, "created_at" datetime NOT NULL, "updated_at" datetime NOT NULL) 
  [1m[36mSQL (0.2ms)[0m  [1mINSERT INTO "schema_migrations" ("version") VALUES (?)[0m  [["version", "20150212130628"]]
  [1m[35m (11.7ms)[0m  commit transaction
  [1m[36mActiveRecord::SchemaMigration Load (0.2ms)[0m  [1mSELECT "schema_migrations".* FROM "schema_migrations"[0m
  [1m[36m (1.0ms)[0m  [1mbegin transaction[0m
  [1m[35m (0.3ms)[0m  rollback transaction
  [1m[36m (1.0ms)[0m  [1mbegin transaction[0m
  [1m[35m (0.3ms)[0m  SAVEPOINT active_record_1
  [1m[36mSQL (0.8ms)[0m  [1mINSERT INTO "users" ("created_at", "updated_at") VALUES (?, ?)[0m  [["created_at", "2015-02-12 13:12:59.644113"], ["updated_at", "2015-02-12 13:12:59.644113"]]
  [1m[35m (0.1ms)[0m  RELEASE SAVEPOINT active_record_1
  [1m[36m (0.8ms)[0m  [1mrollback transaction[0m
  [1m[36m (1.3ms)[0m  [1mbegin transaction[0m
  [1m[35m (0.1ms)[0m  SAVEPOINT active_record_1
  [1m[36mSQL (0.5ms)[0m  [1mINSERT INTO "users" ("created_at", "updated_at") VALUES (?, ?)[0m  [["created_at", "2015-02-12 13:16:30.246281"], ["updated_at", "2015-02-12 13:16:30.246281"]]
  [1m[35m (0.1ms)[0m  RELEASE SAVEPOINT active_record_1
  [1m[36m (0.5ms)[0m  [1mrollback transaction[0m
  [1m[36m (0.9ms)[0m  [1mbegin transaction[0m
  [1m[35m (0.4ms)[0m  rollback transaction
  [1m[36mActiveRecord::SchemaMigration Load (0.2ms)[0m  [1mSELECT "schema_migrations".* FROM "schema_migrations"[0m
Migrating to AddIndexToUsersEmail (20150212133240)
  [1m[35m (0.1ms)[0m  begin transaction
  [1m[36m (0.1ms)[0m  [1mselect sqlite_version(*)[0m
  [1m[35m (0.5ms)[0m  CREATE UNIQUE INDEX "index_users_on_email" ON "users" ("email")
  [1m[36mSQL (0.2ms)[0m  [1mINSERT INTO "schema_migrations" ("version") VALUES (?)[0m  [["version", "20150212133240"]]
  [1m[35m (11.0ms)[0m  commit transaction
  [1m[36mActiveRecord::SchemaMigration Load (0.2ms)[0m  [1mSELECT "schema_migrations".* FROM "schema_migrations"[0m
  [1m[35m (0.2ms)[0m              SELECT sql
            FROM sqlite_master
            WHERE name='index_users_on_email' AND type='index'
            UNION ALL
            SELECT sql
            FROM sqlite_temp_master
            WHERE name='index_users_on_email' AND type='index'

  [1m[36mActiveRecord::SchemaMigration Load (0.2ms)[0m  [1mSELECT "schema_migrations".* FROM "schema_migrations"[0m
Migrating to AddPasswordDigestToUsers (20150212133629)
  [1m[35m (0.1ms)[0m  begin transaction
  [1m[36m (0.5ms)[0m  [1mALTER TABLE "users" ADD "password_digest" varchar[0m
  [1m[35mSQL (0.2ms)[0m  INSERT INTO "schema_migrations" ("version") VALUES (?)  [["version", "20150212133629"]]
  [1m[36m (12.1ms)[0m  [1mcommit transaction[0m
  [1m[35mActiveRecord::SchemaMigration Load (0.2ms)[0m  SELECT "schema_migrations".* FROM "schema_migrations"
  [1m[36m (0.2ms)[0m  [1m            SELECT sql
            FROM sqlite_master
            WHERE name='index_users_on_email' AND type='index'
            UNION ALL
            SELECT sql
            FROM sqlite_temp_master
            WHERE name='index_users_on_email' AND type='index'
[0m


Started GET "/" for 82.230.143.56 at 2015-02-12 14:12:41 +0000
  [1m[36mActiveRecord::SchemaMigration Load (0.2ms)[0m  [1mSELECT "schema_migrations".* FROM "schema_migrations"[0m
Processing by StaticPagesController#home as HTML
  Rendered static_pages/home.html.erb within layouts/application (5.4ms)
  Rendered layouts/_shim.html.erb (0.4ms)
  Rendered layouts/_header.html.erb (0.8ms)
  Rendered layouts/_footer.html.erb (0.5ms)
Completed 200 OK in 688ms (Views: 673.6ms | ActiveRecord: 0.0ms)


Started GET "/assets/custom.css?body=1" for 82.230.143.56 at 2015-02-12 14:12:43 +0000


Started GET "/assets/static_pages.css?body=1" for 109.190.120.197 at 2015-02-12 14:12:43 +0000


Started GET "/assets/jquery_ujs.js?body=1" for 82.230.143.56 at 2015-02-12 14:12:43 +0000


Started GET "/assets/application.css?body=1" for 109.190.120.197 at 2015-02-12 14:12:43 +0000


Started GET "/assets/users.css?body=1" for 109.190.120.197 at 2015-02-12 14:12:43 +0000


Started GET "/assets/static_pages.js?body=1" for 109.190.120.197 at 2015-02-12 14:12:43 +0000


Started GET "/assets/turbolinks.js?body=1" for 82.230.143.56 at 2015-02-12 14:12:43 +0000


Started GET "/assets/rails.png" for 82.230.143.56 at 2015-02-12 14:12:43 +0000


Started GET "/assets/users.js?body=1" for 109.190.120.197 at 2015-02-12 14:12:43 +0000


Started GET "/assets/application.js?body=1" for 109.190.120.197 at 2015-02-12 14:12:43 +0000


Started GET "/assets/jquery.js?body=1" for 82.230.143.56 at 2015-02-12 14:12:45 +0000


Started GET "/" for 82.230.143.56 at 2015-02-12 14:13:07 +0000
Processing by StaticPagesController#home as HTML
  Rendered static_pages/home.html.erb within layouts/application (2.1ms)
  Rendered layouts/_shim.html.erb (0.1ms)
  Rendered layouts/_header.html.erb (0.3ms)
  Rendered layouts/_footer.html.erb (0.2ms)
Completed 200 OK in 139ms (Views: 137.0ms | ActiveRecord: 0.0ms)


Started GET "/" for 82.230.143.56 at 2015-02-12 14:13:24 +0000
Processing by StaticPagesController#home as HTML
  Rendered static_pages/home.html.erb within layouts/application (0.6ms)
  Rendered layouts/_shim.html.erb (0.1ms)
  Rendered layouts/_header.html.erb (0.3ms)
  Rendered layouts/_footer.html.erb (0.3ms)
Completed 200 OK in 145ms (Views: 144.0ms | ActiveRecord: 0.0ms)


Started GET "/assets/jquery.js?body=1" for 109.190.120.197 at 2015-02-12 14:13:25 +0000


Started GET "/assets/custom.css?body=1" for 82.230.143.56 at 2015-02-12 14:13:25 +0000


Started GET "/assets/jquery_ujs.js?body=1" for 82.230.143.56 at 2015-02-12 14:13:25 +0000


Started GET "/assets/application.css?body=1" for 82.230.143.56 at 2015-02-12 14:13:25 +0000


Started GET "/assets/users.css?body=1" for 109.190.120.197 at 2015-02-12 14:13:25 +0000


Started GET "/assets/static_pages.css?body=1" for 82.230.143.56 at 2015-02-12 14:13:25 +0000


Started GET "/assets/static_pages.js?body=1" for 82.230.143.56 at 2015-02-12 14:13:25 +0000


Started GET "/assets/turbolinks.js?body=1" for 109.190.120.197 at 2015-02-12 14:13:25 +0000


Started GET "/assets/users.js?body=1" for 82.230.143.56 at 2015-02-12 14:13:25 +0000


Started GET "/assets/application.js?body=1" for 82.230.143.56 at 2015-02-12 14:13:25 +0000


Started GET "/assets/rails.png" for 82.230.143.56 at 2015-02-12 14:13:25 +0000


Started GET "/" for 82.230.143.56 at 2015-02-12 14:13:30 +0000
Processing by StaticPagesController#home as HTML
  Rendered static_pages/home.html.erb within layouts/application (1.5ms)
  Rendered layouts/_shim.html.erb (0.4ms)
  Rendered layouts/_header.html.erb (0.7ms)
  Rendered layouts/_footer.html.erb (0.5ms)
Completed 200 OK in 136ms (Views: 135.2ms | ActiveRecord: 0.0ms)


Started GET "/help" for 82.230.143.56 at 2015-02-12 14:13:31 +0000
Processing by StaticPagesController#help as HTML
  Rendered static_pages/help.html.erb within layouts/application (0.5ms)
  Rendered layouts/_shim.html.erb (0.1ms)
  Rendered layouts/_header.html.erb (0.4ms)
  Rendered layouts/_footer.html.erb (0.2ms)
Completed 200 OK in 151ms (Views: 148.4ms | ActiveRecord: 0.0ms)


Started GET "/" for 82.230.143.56 at 2015-02-12 14:13:33 +0000
Processing by StaticPagesController#home as HTML
  Rendered static_pages/home.html.erb within layouts/application (0.7ms)
  Rendered layouts/_shim.html.erb (0.1ms)
  Rendered layouts/_header.html.erb (0.3ms)
  Rendered layouts/_footer.html.erb (0.2ms)
Completed 200 OK in 138ms (Views: 137.4ms | ActiveRecord: 0.0ms)


Started GET "/signup" for 82.230.143.56 at 2015-02-12 14:13:34 +0000
Processing by UsersController#new as HTML
  Rendered users/new.html.erb within layouts/application (0.5ms)
  Rendered layouts/_shim.html.erb (0.1ms)
  Rendered layouts/_header.html.erb (0.4ms)
  Rendered layouts/_footer.html.erb (0.2ms)
Completed 200 OK in 132ms (Views: 131.2ms | ActiveRecord: 0.0ms)


Started GET "/" for 82.230.143.56 at 2015-02-12 14:13:37 +0000
Processing by StaticPagesController#home as HTML
  Rendered static_pages/home.html.erb within layouts/application (0.6ms)
  Rendered layouts/_shim.html.erb (0.1ms)
  Rendered layouts/_header.html.erb (0.3ms)
  Rendered layouts/_footer.html.erb (0.2ms)
Completed 200 OK in 133ms (Views: 131.8ms | ActiveRecord: 0.0ms)


Started GET "/about" for 82.230.143.56 at 2015-02-12 14:13:40 +0000
Processing by StaticPagesController#about as HTML
  Rendered static_pages/about.html.erb within layouts/application (0.6ms)
  Rendered layouts/_shim.html.erb (0.1ms)
  Rendered layouts/_header.html.erb (0.4ms)
  Rendered layouts/_footer.html.erb (0.2ms)
Completed 200 OK in 133ms (Views: 132.2ms | ActiveRecord: 0.0ms)


Started GET "/contact" for 82.230.143.56 at 2015-02-12 14:13:42 +0000
Processing by StaticPagesController#contact as HTML
  Rendered static_pages/contact.html.erb within layouts/application (0.5ms)
  Rendered layouts/_shim.html.erb (0.1ms)
  Rendered layouts/_header.html.erb (0.4ms)
  Rendered layouts/_footer.html.erb (0.2ms)
Completed 200 OK in 141ms (Views: 139.7ms | ActiveRecord: 0.0ms)


Started GET "/" for 82.230.143.56 at 2015-02-12 14:13:43 +0000
Processing by StaticPagesController#home as HTML
  Rendered static_pages/home.html.erb within layouts/application (0.6ms)
  Rendered layouts/_shim.html.erb (0.1ms)
  Rendered layouts/_header.html.erb (0.3ms)
  Rendered layouts/_footer.html.erb (0.2ms)
Completed 200 OK in 127ms (Views: 126.1ms | ActiveRecord: 0.0ms)


Started GET "/" for 82.230.143.56 at 2015-02-13 08:11:22 +0000
  [1m[36mActiveRecord::SchemaMigration Load (0.2ms)[0m  [1mSELECT "schema_migrations".* FROM "schema_migrations"[0m
Processing by StaticPagesController#home as HTML
  Rendered static_pages/home.html.erb within layouts/application (6.0ms)
  Rendered layouts/_shim.html.erb (0.4ms)
  Rendered layouts/_header.html.erb (1.1ms)
  Rendered layouts/_footer.html.erb (0.7ms)
Completed 200 OK in 430ms (Views: 418.1ms | ActiveRecord: 0.0ms)


Started GET "/assets/static_pages.css?body=1" for 109.190.120.197 at 2015-02-13 08:11:24 +0000


Started GET "/assets/custom.css?body=1" for 82.230.143.56 at 2015-02-13 08:11:24 +0000


Started GET "/assets/application.css?body=1" for 109.190.120.197 at 2015-02-13 08:11:24 +0000


Started GET "/assets/users.css?body=1" for 82.230.143.56 at 2015-02-13 08:11:24 +0000


Started GET "/assets/turbolinks.js?body=1" for 109.190.120.197 at 2015-02-13 08:11:24 +0000


Started GET "/assets/jquery_ujs.js?body=1" for 82.230.143.56 at 2015-02-13 08:11:24 +0000


Started GET "/assets/static_pages.js?body=1" for 109.190.120.197 at 2015-02-13 08:11:24 +0000


Started GET "/assets/users.js?body=1" for 109.190.120.197 at 2015-02-13 08:11:24 +0000


Started GET "/assets/application.js?body=1" for 109.190.120.197 at 2015-02-13 08:11:24 +0000


Started GET "/assets/rails.png" for 109.190.120.197 at 2015-02-13 08:11:24 +0000


Started GET "/assets/jquery.js?body=1" for 82.230.143.56 at 2015-02-13 08:11:24 +0000


Started GET "/help" for 82.230.143.56 at 2015-02-13 08:11:27 +0000
Processing by StaticPagesController#help as HTML
  Rendered static_pages/help.html.erb within layouts/application (0.6ms)
  Rendered layouts/_shim.html.erb (0.4ms)
  Rendered layouts/_header.html.erb (0.8ms)
  Rendered layouts/_footer.html.erb (0.5ms)
Completed 200 OK in 170ms (Views: 169.0ms | ActiveRecord: 0.0ms)


Started GET "/" for 82.230.143.56 at 2015-02-13 08:11:31 +0000
Processing by StaticPagesController#home as HTML
  Rendered static_pages/home.html.erb within layouts/application (1.3ms)
  Rendered layouts/_shim.html.erb (0.1ms)
  Rendered layouts/_header.html.erb (0.3ms)
  Rendered layouts/_footer.html.erb (0.2ms)
Completed 200 OK in 124ms (Views: 122.7ms | ActiveRecord: 0.0ms)


Started GET "/signup" for 82.230.143.56 at 2015-02-13 08:11:33 +0000
Processing by UsersController#new as HTML
  Rendered users/new.html.erb within layouts/application (0.9ms)
  Rendered layouts/_shim.html.erb (0.1ms)
  Rendered layouts/_header.html.erb (0.4ms)
  Rendered layouts/_footer.html.erb (0.2ms)
Completed 200 OK in 134ms (Views: 132.4ms | ActiveRecord: 0.0ms)


Started GET "/" for 82.230.143.56 at 2015-02-13 08:11:38 +0000
Processing by StaticPagesController#home as HTML
  Rendered static_pages/home.html.erb within layouts/application (0.7ms)
  Rendered layouts/_shim.html.erb (0.1ms)
  Rendered layouts/_header.html.erb (0.3ms)
  Rendered layouts/_footer.html.erb (0.2ms)
Completed 200 OK in 170ms (Views: 168.8ms | ActiveRecord: 0.0ms)
  [1m[36m (1.3ms)[0m  [1mbegin transaction[0m
  [1m[35m (0.3ms)[0m  SELECT COUNT(*) FROM "users"
  [1m[36m (0.4ms)[0m  [1mrollback transaction[0m


Started GET "/" for 82.230.143.56 at 2015-02-13 08:44:22 +0000
  [1m[36mActiveRecord::SchemaMigration Load (0.2ms)[0m  [1mSELECT "schema_migrations".* FROM "schema_migrations"[0m
Processing by StaticPagesController#home as HTML
  Rendered static_pages/home.html.erb within layouts/application (5.5ms)
Completed 500 Internal Server Error in 1132ms

Sass::SyntaxError (Invalid CSS after ".": expected class name, was "."
  (in /home/ubuntu/workspace/app/assets/stylesheets/custom.css.scss:113)):
  app/assets/stylesheets/custom.css.scss:113
  app/views/layouts/application.html.erb:5:in `_app_views_layouts_application_html_erb__3952815783091567643_51047660'


  Rendered /usr/local/rvm/gems/ruby-2.1.5@rails4/gems/web-console-2.0.0.beta3/lib/action_dispatch/templates/rescues/_source.erb (9.6ms)
  Rendered /usr/local/rvm/gems/ruby-2.1.5@rails4/gems/web-console-2.0.0.beta3/lib/action_dispatch/templates/rescues/_trace.html.erb (22.2ms)
  Rendered /usr/local/rvm/gems/ruby-2.1.5@rails4/gems/web-console-2.0.0.beta3/lib/action_dispatch/templates/rescues/_request_and_response.html.erb (1.2ms)
  Rendered /usr/local/rvm/gems/ruby-2.1.5@rails4/gems/web-console-2.0.0.beta3/lib/action_dispatch/templates/rescues/_web_console.html.erb (0.9ms)
  Rendered /usr/local/rvm/gems/ruby-2.1.5@rails4/gems/web-console-2.0.0.beta3/lib/action_dispatch/templates/rescues/diagnostics.html.erb within rescues/layout (97.1ms)


Started GET "/" for 82.230.143.56 at 2015-02-13 08:45:05 +0000
Processing by StaticPagesController#home as HTML
  Rendered static_pages/home.html.erb within layouts/application (0.9ms)
  Rendered layouts/_shim.html.erb (0.4ms)
  Rendered layouts/_header.html.erb (1.0ms)
  Rendered layouts/_footer.html.erb (0.6ms)
Completed 200 OK in 3152ms (Views: 3150.5ms | ActiveRecord: 0.0ms)


Started GET "/assets/custom.css?body=1" for 82.230.143.56 at 2015-02-13 08:45:08 +0000


Started GET "/assets/turbolinks.js?body=1" for 109.190.120.197 at 2015-02-13 08:45:08 +0000


Started GET "/assets/users.css?body=1" for 82.230.143.56 at 2015-02-13 08:45:08 +0000


Started GET "/assets/application.css?body=1" for 82.230.143.56 at 2015-02-13 08:45:08 +0000


Started GET "/assets/jquery_ujs.js?body=1" for 82.230.143.56 at 2015-02-13 08:45:08 +0000


Started GET "/assets/static_pages.css?body=1" for 109.190.120.197 at 2015-02-13 08:45:08 +0000


Started GET "/assets/users.js?body=1" for 82.230.143.56 at 2015-02-13 08:45:09 +0000


Started GET "/assets/application.js?body=1" for 82.230.143.56 at 2015-02-13 08:45:09 +0000


Started GET "/assets/static_pages.js?body=1" for 82.230.143.56 at 2015-02-13 08:45:09 +0000


Started GET "/assets/rails.png" for 109.190.120.197 at 2015-02-13 08:45:10 +0000


Started GET "/assets/jquery.js?body=1" for 82.230.143.56 at 2015-02-13 08:45:10 +0000
  [1m[36m (0.3ms)[0m  [1mSELECT COUNT(*) FROM "users"[0m
  [1m[36m (0.2ms)[0m  [1mbegin transaction[0m
  [1m[35mUser Exists (0.5ms)[0m  SELECT  1 AS one FROM "users" WHERE LOWER("users"."email") = LOWER('mhartl@example.com') LIMIT 1
  [1m[36mSQL (0.9ms)[0m  [1mINSERT INTO "users" ("name", "email", "password_digest", "created_at", "updated_at") VALUES (?, ?, ?, ?, ?)[0m  [["name", "Michael Hartl"], ["email", "mhartl@example.com"], ["password_digest", "$2a$10$a2Hf5Z5W8jNObxvvq1bpHuSdDjXTYHcPQdfl4d8ZYKwKwOV/1tES."], ["created_at", "2015-02-13 08:49:57.352581"], ["updated_at", "2015-02-13 08:49:57.352581"]]
  [1m[35m (14.8ms)[0m  commit transaction
  [1m[36m (0.3ms)[0m  [1mSELECT COUNT(*) FROM "users"[0m
  [1m[35mUser Load (0.4ms)[0m  SELECT  "users".* FROM "users"  ORDER BY "users"."id" ASC LIMIT 1


Started GET "/users/1" for 109.190.120.197 at 2015-02-13 08:56:45 +0000
  [1m[36mActiveRecord::SchemaMigration Load (0.2ms)[0m  [1mSELECT "schema_migrations".* FROM "schema_migrations"[0m
Processing by UsersController#show as HTML
  Parameters: {"id"=>"1"}
  [1m[35mUser Load (0.3ms)[0m  SELECT  "users".* FROM "users" WHERE "users"."id" = ? LIMIT 1  [["id", 1]]
  Rendered users/show.html.erb within layouts/application (4.6ms)
  Rendered layouts/_shim.html.erb (0.6ms)
  Rendered layouts/_header.html.erb (0.9ms)
  Rendered layouts/_footer.html.erb (0.5ms)
Completed 200 OK in 510ms (Views: 465.5ms | ActiveRecord: 1.1ms)


Started GET "/assets/jquery_ujs.js?body=1" for 82.230.143.56 at 2015-02-13 08:56:47 +0000


Started GET "/assets/custom.css?body=1" for 109.190.120.197 at 2015-02-13 08:56:47 +0000


Started GET "/assets/turbolinks.js?body=1" for 82.230.143.56 at 2015-02-13 08:56:47 +0000


Started GET "/assets/users.css?body=1" for 109.190.120.197 at 2015-02-13 08:56:47 +0000


Started GET "/assets/static_pages.css?body=1" for 109.190.120.197 at 2015-02-13 08:56:47 +0000


Started GET "/assets/application.css?body=1" for 109.190.120.197 at 2015-02-13 08:56:47 +0000


Started GET "/assets/static_pages.js?body=1" for 82.230.143.56 at 2015-02-13 08:56:47 +0000


Started GET "/assets/users.js?body=1" for 109.190.120.197 at 2015-02-13 08:56:47 +0000


Started GET "/assets/application.js?body=1" for 109.190.120.197 at 2015-02-13 08:56:47 +0000


Started GET "/assets/jquery.js?body=1" for 109.190.120.197 at 2015-02-13 08:56:47 +0000


Started GET "/users/1" for 109.190.120.197 at 2015-02-13 09:02:09 +0000
  [1m[36mActiveRecord::SchemaMigration Load (0.2ms)[0m  [1mSELECT "schema_migrations".* FROM "schema_migrations"[0m
Processing by UsersController#show as HTML
  Parameters: {"id"=>"1"}
  [1m[35mUser Load (0.3ms)[0m  SELECT  "users".* FROM "users" WHERE "users"."id" = ? LIMIT 1  [["id", 1]]
  Rendered users/show.html.erb within layouts/application (3.3ms)
  Rendered layouts/_shim.html.erb (0.3ms)
  Rendered layouts/_header.html.erb (1.0ms)
  Rendered layouts/_footer.html.erb (0.6ms)
Completed 200 OK in 479ms (Views: 442.7ms | ActiveRecord: 0.8ms)


Started GET "/assets/custom.css?body=1" for 109.190.120.197 at 2015-02-13 09:02:11 +0000


Started GET "/assets/static_pages.css?body=1" for 109.190.120.197 at 2015-02-13 09:02:11 +0000


Started GET "/assets/application.css?body=1" for 82.230.143.56 at 2015-02-13 09:02:11 +0000


Started GET "/assets/users.css?body=1" for 82.230.143.56 at 2015-02-13 09:02:11 +0000


Started GET "/assets/jquery_ujs.js?body=1" for 109.190.120.197 at 2015-02-13 09:02:11 +0000


Started GET "/assets/jquery.js?body=1" for 109.190.120.197 at 2015-02-13 09:02:11 +0000


Started GET "/assets/turbolinks.js?body=1" for 109.190.120.197 at 2015-02-13 09:02:11 +0000


Started GET "/assets/static_pages.js?body=1" for 109.190.120.197 at 2015-02-13 09:02:11 +0000


Started GET "/assets/users.js?body=1" for 82.230.143.56 at 2015-02-13 09:02:11 +0000


Started GET "/assets/application.js?body=1" for 82.230.143.56 at 2015-02-13 09:02:11 +0000
  [1m[36mUser Load (0.4ms)[0m  [1mSELECT  "users".* FROM "users"  ORDER BY "users"."id" ASC LIMIT 1[0m
  [1m[35m (0.6ms)[0m  begin transaction
  [1m[36m (0.3ms)[0m  [1mrollback transaction[0m
  [1m[35m (0.5ms)[0m  begin transaction
  [1m[36mUser Exists (0.7ms)[0m  [1mSELECT  1 AS one FROM "users" WHERE (LOWER("users"."email") = LOWER('exemple@railstutorial.org') AND "users"."id" != 1) LIMIT 1[0m
  [1m[35mSQL (2.6ms)[0m  UPDATE "users" SET "name" = ?, "email" = ?, "password_digest" = ?, "updated_at" = ? WHERE "users"."id" = ?  [["name", "Exemple User"], ["email", "exemple@railstutorial.org"], ["password_digest", "foobar"], ["updated_at", "2015-02-13 09:08:16.992942"], ["id", 1]]
  [1m[36m (13.0ms)[0m  [1mcommit transaction[0m


Started GET "/users/1" for 82.230.143.56 at 2015-02-13 09:08:57 +0000
  [1m[36mActiveRecord::SchemaMigration Load (0.2ms)[0m  [1mSELECT "schema_migrations".* FROM "schema_migrations"[0m
Processing by UsersController#show as HTML
  Parameters: {"id"=>"1"}
  [1m[35mUser Load (0.2ms)[0m  SELECT  "users".* FROM "users" WHERE "users"."id" = ? LIMIT 1  [["id", 1]]
  Rendered users/show.html.erb within layouts/application (3.3ms)
  Rendered layouts/_shim.html.erb (0.4ms)
  Rendered layouts/_header.html.erb (1.0ms)
  Rendered layouts/_footer.html.erb (0.5ms)
Completed 200 OK in 505ms (Views: 470.4ms | ActiveRecord: 0.8ms)


Started GET "/assets/custom.css?body=1" for 82.230.143.56 at 2015-02-13 09:08:58 +0000


Started GET "/assets/static_pages.css?body=1" for 82.230.143.56 at 2015-02-13 09:08:58 +0000


Started GET "/assets/jquery_ujs.js?body=1" for 109.190.120.197 at 2015-02-13 09:08:58 +0000


Started GET "/assets/application.css?body=1" for 109.190.120.197 at 2015-02-13 09:08:58 +0000


Started GET "/assets/turbolinks.js?body=1" for 82.230.143.56 at 2015-02-13 09:08:59 +0000


Started GET "/assets/static_pages.js?body=1" for 82.230.143.56 at 2015-02-13 09:08:59 +0000


Started GET "/assets/users.js?body=1" for 82.230.143.56 at 2015-02-13 09:08:59 +0000


Started GET "/assets/users.css?body=1" for 82.230.143.56 at 2015-02-13 09:08:59 +0000


Started GET "/assets/application.js?body=1" for 109.190.120.197 at 2015-02-13 09:08:59 +0000


Started GET "/assets/jquery.js?body=1" for 109.190.120.197 at 2015-02-13 09:08:59 +0000


Started GET "/users/1" for 109.190.120.197 at 2015-02-13 09:09:02 +0000
Processing by UsersController#show as HTML
  Parameters: {"id"=>"1"}
  [1m[36mUser Load (1.9ms)[0m  [1mSELECT  "users".* FROM "users" WHERE "users"."id" = ? LIMIT 1[0m  [["id", 1]]
  Rendered users/show.html.erb within layouts/application (0.3ms)
  Rendered layouts/_shim.html.erb (0.1ms)
  Rendered layouts/_header.html.erb (0.4ms)
  Rendered layouts/_footer.html.erb (0.2ms)
Completed 200 OK in 179ms (Views: 171.6ms | ActiveRecord: 1.9ms)


Started GET "/assets/users.css?body=1" for 82.230.143.56 at 2015-02-13 09:09:03 +0000


Started GET "/assets/static_pages.css?body=1" for 109.190.120.197 at 2015-02-13 09:09:03 +0000


Started GET "/assets/custom.css?body=1" for 109.190.120.197 at 2015-02-13 09:09:03 +0000


Started GET "/assets/application.css?body=1" for 82.230.143.56 at 2015-02-13 09:09:03 +0000


Started GET "/assets/jquery.js?body=1" for 82.230.143.56 at 2015-02-13 09:09:03 +0000


Started GET "/assets/jquery_ujs.js?body=1" for 82.230.143.56 at 2015-02-13 09:09:03 +0000


Started GET "/assets/turbolinks.js?body=1" for 82.230.143.56 at 2015-02-13 09:09:03 +0000


Started GET "/assets/users.js?body=1" for 82.230.143.56 at 2015-02-13 09:09:03 +0000


Started GET "/assets/application.js?body=1" for 82.230.143.56 at 2015-02-13 09:09:03 +0000


Started GET "/assets/static_pages.js?body=1" for 82.230.143.56 at 2015-02-13 09:09:03 +0000
  [1m[36mUser Load (0.4ms)[0m  [1mSELECT  "users".* FROM "users"  ORDER BY "users"."id" ASC LIMIT 1[0m
  [1m[35m (0.6ms)[0m  begin transaction
  [1m[36mUser Exists (0.3ms)[0m  [1mSELECT  1 AS one FROM "users" WHERE (LOWER("users"."email") = LOWER('example@railstutorial.org') AND "users"."id" != 1) LIMIT 1[0m
  [1m[35mSQL (0.7ms)[0m  UPDATE "users" SET "name" = ?, "email" = ?, "updated_at" = ? WHERE "users"."id" = ?  [["name", "Example User"], ["email", "example@railstutorial.org"], ["updated_at", "2015-02-13 09:15:35.218046"], ["id", 1]]
  [1m[36m (16.4ms)[0m  [1mcommit transaction[0m


Started GET "/users/1" for 82.230.143.56 at 2015-02-13 09:16:07 +0000
  [1m[36mActiveRecord::SchemaMigration Load (0.2ms)[0m  [1mSELECT "schema_migrations".* FROM "schema_migrations"[0m
Processing by UsersController#show as HTML
  Parameters: {"id"=>"1"}
  [1m[35mUser Load (0.3ms)[0m  SELECT  "users".* FROM "users" WHERE "users"."id" = ? LIMIT 1  [["id", 1]]
  Rendered users/show.html.erb within layouts/application (3.9ms)
  Rendered layouts/_shim.html.erb (0.4ms)
  Rendered layouts/_header.html.erb (1.1ms)
  Rendered layouts/_footer.html.erb (0.7ms)
Completed 200 OK in 537ms (Views: 494.7ms | ActiveRecord: 1.0ms)


Started GET "/assets/custom.css?body=1" for 82.230.143.56 at 2015-02-13 09:16:08 +0000


Started GET "/assets/static_pages.css?body=1" for 109.190.120.197 at 2015-02-13 09:16:08 +0000


Started GET "/assets/application.css?body=1" for 82.230.143.56 at 2015-02-13 09:16:09 +0000


Started GET "/assets/jquery.js?body=1" for 82.230.143.56 at 2015-02-13 09:16:09 +0000


Started GET "/assets/users.css?body=1" for 109.190.120.197 at 2015-02-13 09:16:09 +0000


Started GET "/assets/jquery_ujs.js?body=1" for 82.230.143.56 at 2015-02-13 09:16:09 +0000


Started GET "/assets/turbolinks.js?body=1" for 82.230.143.56 at 2015-02-13 09:16:09 +0000


Started GET "/assets/static_pages.js?body=1" for 109.190.120.197 at 2015-02-13 09:16:09 +0000


Started GET "/assets/users.js?body=1" for 82.230.143.56 at 2015-02-13 09:16:09 +0000


Started GET "/assets/application.js?body=1" for 82.230.143.56 at 2015-02-13 09:16:09 +0000


Started GET "/users/1" for 82.230.143.56 at 2015-02-13 09:19:42 +0000
Processing by UsersController#show as HTML
  Parameters: {"id"=>"1"}
  [1m[36mUser Load (0.9ms)[0m  [1mSELECT  "users".* FROM "users" WHERE "users"."id" = ? LIMIT 1[0m  [["id", 1]]
  Rendered users/show.html.erb within layouts/application (6.7ms)


Started GET "/users/1" for 82.230.143.56 at 2015-02-13 09:20:10 +0000
  [1m[36mActiveRecord::SchemaMigration Load (0.2ms)[0m  [1mSELECT "schema_migrations".* FROM "schema_migrations"[0m
Processing by UsersController#show as HTML
  Parameters: {"id"=>"1"}
  [1m[35mUser Load (0.6ms)[0m  SELECT  "users".* FROM "users" WHERE "users"."id" = ? LIMIT 1  [["id", 1]]
  Rendered users/show.html.erb within layouts/application (3.9ms)
  Rendered layouts/_shim.html.erb (159.1ms)
  Rendered layouts/_header.html.erb (7.6ms)
  Rendered layouts/_footer.html.erb (3.4ms)
Completed 200 OK in 3810ms (Views: 3752.0ms | ActiveRecord: 1.2ms)


Started GET "/users/1" for 109.190.120.197 at 2015-02-13 09:20:14 +0000
Processing by UsersController#show as HTML
  Parameters: {"id"=>"1"}
  [1m[36mUser Load (0.4ms)[0m  [1mSELECT  "users".* FROM "users" WHERE "users"."id" = ? LIMIT 1[0m  [["id", 1]]
  Rendered users/show.html.erb within layouts/application (0.5ms)
  Rendered layouts/_shim.html.erb (0.1ms)
  Rendered layouts/_header.html.erb (0.4ms)
  Rendered layouts/_footer.html.erb (0.4ms)
Completed 200 OK in 161ms (Views: 156.1ms | ActiveRecord: 0.4ms)


Started GET "/users/1" for 109.190.120.197 at 2015-02-13 09:20:14 +0000
Processing by UsersController#show as HTML
  Parameters: {"id"=>"1"}
  [1m[35mUser Load (0.2ms)[0m  SELECT  "users".* FROM "users" WHERE "users"."id" = ? LIMIT 1  [["id", 1]]
  Rendered users/show.html.erb within layouts/application (0.2ms)
  Rendered layouts/_shim.html.erb (0.1ms)
  Rendered layouts/_header.html.erb (0.7ms)
  Rendered layouts/_footer.html.erb (0.4ms)
Completed 200 OK in 303ms (Views: 301.2ms | ActiveRecord: 0.2ms)


Started GET "/users/1" for 82.230.143.56 at 2015-02-13 09:20:15 +0000
Processing by UsersController#show as HTML
  Parameters: {"id"=>"1"}
  [1m[36mUser Load (0.3ms)[0m  [1mSELECT  "users".* FROM "users" WHERE "users"."id" = ? LIMIT 1[0m  [["id", 1]]
  Rendered users/show.html.erb within layouts/application (1.0ms)
  Rendered layouts/_shim.html.erb (0.1ms)
  Rendered layouts/_header.html.erb (0.6ms)
  Rendered layouts/_footer.html.erb (0.3ms)
Completed 200 OK in 249ms (Views: 246.1ms | ActiveRecord: 0.3ms)


Started GET "/users/1" for 82.230.143.56 at 2015-02-13 09:20:15 +0000
Processing by UsersController#show as HTML
  Parameters: {"id"=>"1"}
  [1m[35mUser Load (0.2ms)[0m  SELECT  "users".* FROM "users" WHERE "users"."id" = ? LIMIT 1  [["id", 1]]
  Rendered users/show.html.erb within layouts/application (0.3ms)
  Rendered layouts/_shim.html.erb (0.1ms)
  Rendered layouts/_header.html.erb (0.3ms)
  Rendered layouts/_footer.html.erb (0.2ms)
Completed 200 OK in 387ms (Views: 384.7ms | ActiveRecord: 0.2ms)


Started GET "/users/1" for 109.190.120.197 at 2015-02-13 09:20:16 +0000
Processing by UsersController#show as HTML
  Parameters: {"id"=>"1"}
  [1m[36mUser Load (0.3ms)[0m  [1mSELECT  "users".* FROM "users" WHERE "users"."id" = ? LIMIT 1[0m  [["id", 1]]
  Rendered users/show.html.erb within layouts/application (0.4ms)
  Rendered layouts/_shim.html.erb (0.1ms)
  Rendered layouts/_header.html.erb (0.5ms)
  Rendered layouts/_footer.html.erb (0.2ms)
Completed 200 OK in 165ms (Views: 162.2ms | ActiveRecord: 0.3ms)


Started GET "/assets/custom.css?body=1" for 109.190.120.197 at 2015-02-13 09:20:16 +0000


Started GET "/assets/static_pages.css?body=1" for 109.190.120.197 at 2015-02-13 09:20:16 +0000


Started GET "/assets/users.css?body=1" for 109.190.120.197 at 2015-02-13 09:20:16 +0000


Started GET "/assets/application.css?body=1" for 82.230.143.56 at 2015-02-13 09:20:16 +0000


Started GET "/assets/static_pages.js?body=1" for 109.190.120.197 at 2015-02-13 09:20:17 +0000


Started GET "/assets/turbolinks.js?body=1" for 109.190.120.197 at 2015-02-13 09:20:17 +0000


Started GET "/assets/users.js?body=1" for 109.190.120.197 at 2015-02-13 09:20:17 +0000


Started GET "/assets/jquery_ujs.js?body=1" for 109.190.120.197 at 2015-02-13 09:20:17 +0000


Started GET "/assets/application.js?body=1" for 82.230.143.56 at 2015-02-13 09:20:17 +0000


Started GET "/assets/jquery.js?body=1" for 109.190.120.197 at 2015-02-13 09:20:20 +0000
  [1m[36m (20.9ms)[0m  [1mCREATE TABLE "schema_migrations" ("version" varchar NOT NULL) [0m
  [1m[35m (0.2ms)[0m  select sqlite_version(*)
  [1m[36m (14.9ms)[0m  [1mCREATE UNIQUE INDEX "unique_schema_migrations" ON "schema_migrations" ("version")[0m
  [1m[35mActiveRecord::SchemaMigration Load (0.2ms)[0m  SELECT "schema_migrations".* FROM "schema_migrations"
Migrating to CreateUsers (20150212130628)
  [1m[36m (0.1ms)[0m  [1mbegin transaction[0m
  [1m[35m (0.5ms)[0m  CREATE TABLE "users" ("id" INTEGER PRIMARY KEY AUTOINCREMENT NOT NULL, "name" varchar, "email" varchar, "created_at" datetime NOT NULL, "updated_at" datetime NOT NULL) 
  [1m[36mSQL (0.3ms)[0m  [1mINSERT INTO "schema_migrations" ("version") VALUES (?)[0m  [["version", "20150212130628"]]
  [1m[35m (16.4ms)[0m  commit transaction
Migrating to AddIndexToUsersEmail (20150212133240)
  [1m[36m (0.1ms)[0m  [1mbegin transaction[0m
  [1m[35m (0.3ms)[0m  CREATE UNIQUE INDEX "index_users_on_email" ON "users" ("email")
  [1m[36mSQL (0.1ms)[0m  [1mINSERT INTO "schema_migrations" ("version") VALUES (?)[0m  [["version", "20150212133240"]]
  [1m[35m (11.6ms)[0m  commit transaction
Migrating to AddPasswordDigestToUsers (20150212133629)
  [1m[36m (0.1ms)[0m  [1mbegin transaction[0m
  [1m[35m (0.5ms)[0m  ALTER TABLE "users" ADD "password_digest" varchar
  [1m[36mSQL (0.1ms)[0m  [1mINSERT INTO "schema_migrations" ("version") VALUES (?)[0m  [["version", "20150212133629"]]
  [1m[35m (15.2ms)[0m  commit transaction
  [1m[36mActiveRecord::SchemaMigration Load (0.3ms)[0m  [1mSELECT "schema_migrations".* FROM "schema_migrations"[0m
  [1m[35m (0.2ms)[0m              SELECT sql
            FROM sqlite_master
            WHERE name='index_users_on_email' AND type='index'
            UNION ALL
            SELECT sql
            FROM sqlite_temp_master
            WHERE name='index_users_on_email' AND type='index'



Started GET "/" for 109.190.120.197 at 2015-02-13 09:24:39 +0000
  [1m[36mActiveRecord::SchemaMigration Load (0.2ms)[0m  [1mSELECT "schema_migrations".* FROM "schema_migrations"[0m
Processing by StaticPagesController#home as HTML
  Rendered static_pages/home.html.erb within layouts/application (7.9ms)
  Rendered layouts/_shim.html.erb (0.4ms)
  Rendered layouts/_header.html.erb (0.8ms)
  Rendered layouts/_footer.html.erb (0.6ms)
Completed 200 OK in 3617ms (Views: 3602.6ms | ActiveRecord: 0.0ms)


Started GET "/" for 109.190.120.197 at 2015-02-13 09:24:43 +0000
Processing by StaticPagesController#home as HTML
  Rendered static_pages/home.html.erb within layouts/application (1.2ms)
  Rendered layouts/_shim.html.erb (0.1ms)
  Rendered layouts/_header.html.erb (0.3ms)
  Rendered layouts/_footer.html.erb (0.2ms)
Completed 200 OK in 182ms (Views: 180.4ms | ActiveRecord: 0.0ms)


Started GET "/assets/custom.css?body=1" for 109.190.120.197 at 2015-02-13 09:24:44 +0000


Started GET "/assets/static_pages.css?body=1" for 82.230.143.56 at 2015-02-13 09:24:44 +0000


Started GET "/assets/users.css?body=1" for 109.190.120.197 at 2015-02-13 09:24:44 +0000


Started GET "/assets/application.css?body=1" for 109.190.120.197 at 2015-02-13 09:24:44 +0000


Started GET "/assets/jquery.js?body=1" for 109.190.120.197 at 2015-02-13 09:24:44 +0000


Started GET "/assets/jquery_ujs.js?body=1" for 109.190.120.197 at 2015-02-13 09:24:44 +0000


Started GET "/assets/static_pages.js?body=1" for 82.230.143.56 at 2015-02-13 09:24:44 +0000


Started GET "/assets/turbolinks.js?body=1" for 109.190.120.197 at 2015-02-13 09:24:44 +0000


Started GET "/assets/users.js?body=1" for 109.190.120.197 at 2015-02-13 09:24:44 +0000


Started GET "/assets/rails.png" for 109.190.120.197 at 2015-02-13 09:24:45 +0000


Started GET "/assets/application.js?body=1" for 109.190.120.197 at 2015-02-13 09:24:45 +0000


Started GET "/signup" for 109.190.120.197 at 2015-02-13 09:24:50 +0000
Processing by UsersController#new as HTML
  Rendered users/new.html.erb within layouts/application (34.0ms)
  Rendered layouts/_shim.html.erb (0.4ms)
  Rendered layouts/_header.html.erb (0.8ms)
  Rendered layouts/_footer.html.erb (0.5ms)
Completed 200 OK in 204ms (Views: 192.1ms | ActiveRecord: 0.7ms)


Started GET "/signup" for 82.230.143.56 at 2015-02-13 11:02:14 +0000
  [1m[36mActiveRecord::SchemaMigration Load (0.2ms)[0m  [1mSELECT "schema_migrations".* FROM "schema_migrations"[0m
Processing by UsersController#new as HTML
  Rendered users/new.html.erb within layouts/application (33.9ms)
  Rendered layouts/_shim.html.erb (0.4ms)
  Rendered layouts/_header.html.erb (0.8ms)
  Rendered layouts/_footer.html.erb (0.6ms)
Completed 200 OK in 462ms (Views: 440.0ms | ActiveRecord: 0.6ms)


Started GET "/signup" for 82.230.143.56 at 2015-02-13 11:02:15 +0000
Processing by UsersController#new as HTML
  Rendered users/new.html.erb within layouts/application (2.4ms)
  Rendered layouts/_shim.html.erb (0.1ms)
  Rendered layouts/_header.html.erb (0.5ms)
  Rendered layouts/_footer.html.erb (0.2ms)
Completed 200 OK in 146ms (Views: 144.9ms | ActiveRecord: 0.0ms)


Started GET "/assets/static_pages.css?body=1" for 109.190.120.197 at 2015-02-13 11:02:16 +0000


Started GET "/assets/custom.css?body=1" for 82.230.143.56 at 2015-02-13 11:02:16 +0000


Started GET "/assets/users.css?body=1" for 109.190.120.197 at 2015-02-13 11:02:16 +0000


Started GET "/assets/jquery_ujs.js?body=1" for 109.190.120.197 at 2015-02-13 11:02:16 +0000


Started GET "/assets/application.css?body=1" for 109.190.120.197 at 2015-02-13 11:02:16 +0000


Started GET "/signup" for 109.190.120.197 at 2015-02-13 11:02:16 +0000
Processing by UsersController#new as HTML
  Rendered users/new.html.erb within layouts/application (2.0ms)
  Rendered layouts/_shim.html.erb (0.1ms)
  Rendered layouts/_header.html.erb (0.3ms)
  Rendered layouts/_footer.html.erb (0.2ms)
Completed 200 OK in 121ms (Views: 120.3ms | ActiveRecord: 0.0ms)


Started GET "/assets/application.js?body=1" for 109.190.120.197 at 2015-02-13 11:02:16 +0000


Started GET "/assets/users.js?body=1" for 109.190.120.197 at 2015-02-13 11:02:16 +0000


Started GET "/assets/turbolinks.js?body=1" for 82.230.143.56 at 2015-02-13 11:02:16 +0000


Started GET "/assets/static_pages.js?body=1" for 109.190.120.197 at 2015-02-13 11:02:16 +0000


Started GET "/assets/jquery.js?body=1" for 109.190.120.197 at 2015-02-13 11:02:16 +0000


Started GET "/assets/custom.css?body=1" for 109.190.120.197 at 2015-02-13 11:02:17 +0000


Started GET "/assets/static_pages.css?body=1" for 82.230.143.56 at 2015-02-13 11:02:17 +0000


Started GET "/assets/users.css?body=1" for 82.230.143.56 at 2015-02-13 11:02:17 +0000


Started GET "/assets/application.css?body=1" for 109.190.120.197 at 2015-02-13 11:02:17 +0000


Started GET "/assets/jquery.js?body=1" for 109.190.120.197 at 2015-02-13 11:02:17 +0000


Started GET "/assets/static_pages.js?body=1" for 109.190.120.197 at 2015-02-13 11:02:17 +0000


Started GET "/assets/turbolinks.js?body=1" for 109.190.120.197 at 2015-02-13 11:02:17 +0000


Started GET "/assets/application.js?body=1" for 82.230.143.56 at 2015-02-13 11:02:17 +0000


Started GET "/assets/users.js?body=1" for 82.230.143.56 at 2015-02-13 11:02:17 +0000


Started GET "/signup" for 109.190.120.197 at 2015-02-13 11:02:22 +0000
Processing by UsersController#new as HTML
  Rendered users/new.html.erb within layouts/application (2.1ms)
  Rendered layouts/_shim.html.erb (0.1ms)
  Rendered layouts/_header.html.erb (0.3ms)
  Rendered layouts/_footer.html.erb (0.2ms)
Completed 200 OK in 121ms (Views: 120.0ms | ActiveRecord: 0.0ms)


Started GET "/assets/custom.css?body=1" for 109.190.120.197 at 2015-02-13 11:02:22 +0000


Started GET "/assets/application.css?body=1" for 82.230.143.56 at 2015-02-13 11:02:22 +0000


Started GET "/assets/static_pages.css?body=1" for 109.190.120.197 at 2015-02-13 11:02:22 +0000


Started GET "/assets/jquery.js?body=1" for 82.230.143.56 at 2015-02-13 11:02:22 +0000


Started GET "/assets/users.css?body=1" for 109.190.120.197 at 2015-02-13 11:02:22 +0000


Started GET "/assets/users.js?body=1" for 109.190.120.197 at 2015-02-13 11:02:22 +0000


Started GET "/assets/turbolinks.js?body=1" for 109.190.120.197 at 2015-02-13 11:02:22 +0000


Started GET "/assets/static_pages.js?body=1" for 82.230.143.56 at 2015-02-13 11:02:22 +0000


Started GET "/assets/application.js?body=1" for 82.230.143.56 at 2015-02-13 11:02:23 +0000


Started POST "/users" for 82.230.143.56 at 2015-02-13 11:02:58 +0000
Processing by UsersController#create as HTML
  Parameters: {"utf8"=>"✓", "authenticity_token"=>"mTKP6XVF2AFRIb2SbkCttZL3ez69n9zrYFhcb11qfbxzeK2r1Fdql88DnIhP+T+f8tIFObxW2UvRIX/X9sSZow==", "user"=>{"name"=>"azerty", "email"=>"azerty@azerty.com", "password"=>"[FILTERED]", "password_confirmation"=>"[FILTERED]"}, "commit"=>"Create my account"}
  [1m[35m (0.3ms)[0m  begin transaction
  [1m[36mUser Exists (0.6ms)[0m  [1mSELECT  1 AS one FROM "users" WHERE LOWER("users"."email") = LOWER('azerty@azerty.com') LIMIT 1[0m
  [1m[35mSQL (0.8ms)[0m  INSERT INTO "users" ("name", "email", "password_digest", "created_at", "updated_at") VALUES (?, ?, ?, ?, ?)  [["name", "azerty"], ["email", "azerty@azerty.com"], ["password_digest", "$2a$10$kBOCsbbC7AlmWv33iwmk9ul3QUIVSwEzNmuUnOqSwB7WOJaYeYukC"], ["created_at", "2015-02-13 11:02:59.009971"], ["updated_at", "2015-02-13 11:02:59.009971"]]
  [1m[36m (12.2ms)[0m  [1mcommit transaction[0m
Completed 500 Internal Server Error in 177ms

ActionView::MissingTemplate (Missing template users/create, application/create with {:locale=>[:en], :formats=>[:html], :variants=>[], :handlers=>[:erb, :builder, :raw, :ruby, :coffee, :jbuilder]}. Searched in:
  * "/usr/local/rvm/gems/ruby-2.1.5@rails4/gems/web-console-2.0.0.beta3/lib/action_dispatch/templates"
  * "/home/ubuntu/workspace/app/views"
  * "/usr/local/rvm/gems/ruby-2.1.5@rails4/gems/web-console-2.0.0.beta3/app/views"
):
  actionview (4.2.0) lib/action_view/path_set.rb:46:in `find'
  actionview (4.2.0) lib/action_view/lookup_context.rb:121:in `find'
  actionview (4.2.0) lib/action_view/renderer/abstract_renderer.rb:18:in `find_template'
  actionview (4.2.0) lib/action_view/renderer/template_renderer.rb:40:in `determine_template'
  actionview (4.2.0) lib/action_view/renderer/template_renderer.rb:8:in `render'
  actionview (4.2.0) lib/action_view/renderer/renderer.rb:42:in `render_template'
  actionview (4.2.0) lib/action_view/renderer/renderer.rb:23:in `render'
  actionview (4.2.0) lib/action_view/rendering.rb:100:in `_render_template'
  actionpack (4.2.0) lib/action_controller/metal/streaming.rb:217:in `_render_template'
  actionview (4.2.0) lib/action_view/rendering.rb:83:in `render_to_body'
  actionpack (4.2.0) lib/action_controller/metal/rendering.rb:32:in `render_to_body'
  actionpack (4.2.0) lib/action_controller/metal/renderers.rb:37:in `render_to_body'
  actionpack (4.2.0) lib/abstract_controller/rendering.rb:25:in `render'
  actionpack (4.2.0) lib/action_controller/metal/rendering.rb:16:in `render'
  actionpack (4.2.0) lib/action_controller/metal/instrumentation.rb:41:in `block (2 levels) in render'
  activesupport (4.2.0) lib/active_support/core_ext/benchmark.rb:12:in `block in ms'
  /usr/local/rvm/rubies/ruby-2.1.5/lib/ruby/2.1.0/benchmark.rb:294:in `realtime'
  activesupport (4.2.0) lib/active_support/core_ext/benchmark.rb:12:in `ms'
  actionpack (4.2.0) lib/action_controller/metal/instrumentation.rb:41:in `block in render'
  actionpack (4.2.0) lib/action_controller/metal/instrumentation.rb:84:in `cleanup_view_runtime'
  activerecord (4.2.0) lib/active_record/railties/controller_runtime.rb:25:in `cleanup_view_runtime'
  actionpack (4.2.0) lib/action_controller/metal/instrumentation.rb:40:in `render'
  actionpack (4.2.0) lib/action_controller/metal/implicit_render.rb:10:in `default_render'
  actionpack (4.2.0) lib/action_controller/metal/implicit_render.rb:5:in `send_action'
  actionpack (4.2.0) lib/abstract_controller/base.rb:198:in `process_action'
  actionpack (4.2.0) lib/action_controller/metal/rendering.rb:10:in `process_action'
  actionpack (4.2.0) lib/abstract_controller/callbacks.rb:20:in `block in process_action'
  activesupport (4.2.0) lib/active_support/callbacks.rb:117:in `call'
  activesupport (4.2.0) lib/active_support/callbacks.rb:117:in `call'
  activesupport (4.2.0) lib/active_support/callbacks.rb:234:in `block in halting'
  activesupport (4.2.0) lib/active_support/callbacks.rb:234:in `call'
  activesupport (4.2.0) lib/active_support/callbacks.rb:234:in `block in halting'
  activesupport (4.2.0) lib/active_support/callbacks.rb:169:in `call'
  activesupport (4.2.0) lib/active_support/callbacks.rb:169:in `block in halting'
  activesupport (4.2.0) lib/active_support/callbacks.rb:169:in `call'
  activesupport (4.2.0) lib/active_support/callbacks.rb:169:in `block in halting'
  activesupport (4.2.0) lib/active_support/callbacks.rb:169:in `call'
  activesupport (4.2.0) lib/active_support/callbacks.rb:169:in `block in halting'
  activesupport (4.2.0) lib/active_support/callbacks.rb:92:in `call'
  activesupport (4.2.0) lib/active_support/callbacks.rb:92:in `_run_callbacks'
  activesupport (4.2.0) lib/active_support/callbacks.rb:734:in `_run_process_action_callbacks'
  activesupport (4.2.0) lib/active_support/callbacks.rb:81:in `run_callbacks'
  actionpack (4.2.0) lib/abstract_controller/callbacks.rb:19:in `process_action'
  actionpack (4.2.0) lib/action_controller/metal/rescue.rb:29:in `process_action'
  actionpack (4.2.0) lib/action_controller/metal/instrumentation.rb:31:in `block in process_action'
  activesupport (4.2.0) lib/active_support/notifications.rb:164:in `block in instrument'
  activesupport (4.2.0) lib/active_support/notifications/instrumenter.rb:20:in `instrument'
  activesupport (4.2.0) lib/active_support/notifications.rb:164:in `instrument'
  actionpack (4.2.0) lib/action_controller/metal/instrumentation.rb:30:in `process_action'
  actionpack (4.2.0) lib/action_controller/metal/params_wrapper.rb:250:in `process_action'
  activerecord (4.2.0) lib/active_record/railties/controller_runtime.rb:18:in `process_action'
  actionpack (4.2.0) lib/abstract_controller/base.rb:137:in `process'
  actionview (4.2.0) lib/action_view/rendering.rb:30:in `process'
  actionpack (4.2.0) lib/action_controller/metal.rb:195:in `dispatch'
  actionpack (4.2.0) lib/action_controller/metal/rack_delegation.rb:13:in `dispatch'
  actionpack (4.2.0) lib/action_controller/metal.rb:236:in `block in action'
  actionpack (4.2.0) lib/action_dispatch/routing/route_set.rb:73:in `call'
  actionpack (4.2.0) lib/action_dispatch/routing/route_set.rb:73:in `dispatch'
  actionpack (4.2.0) lib/action_dispatch/routing/route_set.rb:42:in `serve'
  actionpack (4.2.0) lib/action_dispatch/journey/router.rb:43:in `block in serve'
  actionpack (4.2.0) lib/action_dispatch/journey/router.rb:30:in `each'
  actionpack (4.2.0) lib/action_dispatch/journey/router.rb:30:in `serve'
  actionpack (4.2.0) lib/action_dispatch/routing/route_set.rb:802:in `call'
  rack (1.6.0) lib/rack/etag.rb:24:in `call'
  rack (1.6.0) lib/rack/conditionalget.rb:38:in `call'
  rack (1.6.0) lib/rack/head.rb:13:in `call'
  actionpack (4.2.0) lib/action_dispatch/middleware/params_parser.rb:27:in `call'
  actionpack (4.2.0) lib/action_dispatch/middleware/flash.rb:260:in `call'
  rack (1.6.0) lib/rack/session/abstract/id.rb:225:in `context'
  rack (1.6.0) lib/rack/session/abstract/id.rb:220:in `call'
  actionpack (4.2.0) lib/action_dispatch/middleware/cookies.rb:560:in `call'
  activerecord (4.2.0) lib/active_record/query_cache.rb:36:in `call'
  activerecord (4.2.0) lib/active_record/connection_adapters/abstract/connection_pool.rb:647:in `call'
  activerecord (4.2.0) lib/active_record/migration.rb:378:in `call'
  actionpack (4.2.0) lib/action_dispatch/middleware/callbacks.rb:29:in `block in call'
  activesupport (4.2.0) lib/active_support/callbacks.rb:88:in `call'
  activesupport (4.2.0) lib/active_support/callbacks.rb:88:in `_run_callbacks'
  activesupport (4.2.0) lib/active_support/callbacks.rb:734:in `_run_call_callbacks'
  activesupport (4.2.0) lib/active_support/callbacks.rb:81:in `run_callbacks'
  actionpack (4.2.0) lib/action_dispatch/middleware/callbacks.rb:27:in `call'
  actionpack (4.2.0) lib/action_dispatch/middleware/reloader.rb:73:in `call'
  actionpack (4.2.0) lib/action_dispatch/middleware/remote_ip.rb:78:in `call'
  web-console (2.0.0.beta3) lib/action_dispatch/debug_exceptions.rb:18:in `middleware_call'
  web-console (2.0.0.beta3) lib/action_dispatch/debug_exceptions.rb:13:in `call'
  actionpack (4.2.0) lib/action_dispatch/middleware/show_exceptions.rb:30:in `call'
  railties (4.2.0) lib/rails/rack/logger.rb:38:in `call_app'
  railties (4.2.0) lib/rails/rack/logger.rb:20:in `block in call'
  activesupport (4.2.0) lib/active_support/tagged_logging.rb:68:in `block in tagged'
  activesupport (4.2.0) lib/active_support/tagged_logging.rb:26:in `tagged'
  activesupport (4.2.0) lib/active_support/tagged_logging.rb:68:in `tagged'
  railties (4.2.0) lib/rails/rack/logger.rb:20:in `call'
  actionpack (4.2.0) lib/action_dispatch/middleware/request_id.rb:21:in `call'
  rack (1.6.0) lib/rack/methodoverride.rb:22:in `call'
  rack (1.6.0) lib/rack/runtime.rb:18:in `call'
  activesupport (4.2.0) lib/active_support/cache/strategy/local_cache_middleware.rb:28:in `call'
  rack (1.6.0) lib/rack/lock.rb:17:in `call'
  actionpack (4.2.0) lib/action_dispatch/middleware/static.rb:113:in `call'
  rack (1.6.0) lib/rack/sendfile.rb:113:in `call'
  railties (4.2.0) lib/rails/engine.rb:518:in `call'
  railties (4.2.0) lib/rails/application.rb:164:in `call'
  rack (1.6.0) lib/rack/lock.rb:17:in `call'
  rack (1.6.0) lib/rack/content_length.rb:15:in `call'
  rack (1.6.0) lib/rack/handler/webrick.rb:89:in `service'
  /usr/local/rvm/rubies/ruby-2.1.5/lib/ruby/2.1.0/webrick/httpserver.rb:138:in `service'
  /usr/local/rvm/rubies/ruby-2.1.5/lib/ruby/2.1.0/webrick/httpserver.rb:94:in `run'
  /usr/local/rvm/rubies/ruby-2.1.5/lib/ruby/2.1.0/webrick/server.rb:295:in `block in start_thread'


  Rendered /usr/local/rvm/gems/ruby-2.1.5@rails4/gems/web-console-2.0.0.beta3/lib/action_dispatch/templates/rescues/missing_template.html.erb within rescues/layout (0.7ms)


Started POST "/users" for 82.230.143.56 at 2015-02-13 11:05:54 +0000
Processing by UsersController#create as HTML
  Parameters: {"utf8"=>"✓", "authenticity_token"=>"mTKP6XVF2AFRIb2SbkCttZL3ez69n9zrYFhcb11qfbxzeK2r1Fdql88DnIhP+T+f8tIFObxW2UvRIX/X9sSZow==", "user"=>{"name"=>"azerty", "email"=>"azerty@azerty.com", "password"=>"[FILTERED]", "password_confirmation"=>"[FILTERED]"}, "commit"=>"Create my account"}
  [1m[35m (0.4ms)[0m  begin transaction
  [1m[36mUser Exists (0.4ms)[0m  [1mSELECT  1 AS one FROM "users" WHERE LOWER("users"."email") = LOWER('azerty@azerty.com') LIMIT 1[0m
  [1m[35m (0.1ms)[0m  rollback transaction
  Rendered users/new.html.erb within layouts/application (5.4ms)
  Rendered layouts/_shim.html.erb (0.1ms)
  Rendered layouts/_header.html.erb (0.4ms)
  Rendered layouts/_footer.html.erb (1.5ms)
Completed 200 OK in 274ms (Views: 190.9ms | ActiveRecord: 0.9ms)


Started GET "/assets/users.css?body=1" for 109.190.120.197 at 2015-02-13 11:05:54 +0000


Started GET "/assets/jquery.js?body=1" for 109.190.120.197 at 2015-02-13 11:05:54 +0000


Started GET "/assets/jquery_ujs.js?body=1" for 82.230.143.56 at 2015-02-13 11:05:54 +0000


Started GET "/assets/static_pages.css?body=1" for 109.190.120.197 at 2015-02-13 11:05:54 +0000


Started GET "/assets/custom.css?body=1" for 82.230.143.56 at 2015-02-13 11:05:54 +0000


Started GET "/assets/application.css?body=1" for 109.190.120.197 at 2015-02-13 11:05:54 +0000


Started GET "/assets/users.js?body=1" for 82.230.143.56 at 2015-02-13 11:05:55 +0000


Started GET "/assets/turbolinks.js?body=1" for 109.190.120.197 at 2015-02-13 11:05:55 +0000


Started GET "/assets/application.js?body=1" for 109.190.120.197 at 2015-02-13 11:05:55 +0000


Started GET "/assets/static_pages.js?body=1" for 109.190.120.197 at 2015-02-13 11:05:55 +0000
  [1m[36mUser Load (0.2ms)[0m  [1mSELECT  "users".* FROM "users"  ORDER BY "users"."id" ASC LIMIT 1[0m
  [1m[35mUser Load (0.5ms)[0m  SELECT  "users".* FROM "users"  ORDER BY "users"."id" ASC LIMIT 1 OFFSET 1
  [1m[36mUser Load (0.4ms)[0m  [1mSELECT "users".* FROM "users"[0m
  [1m[36m (0.3ms)[0m  [1mbegin transaction[0m
  [1m[35mUser Exists (0.3ms)[0m  SELECT  1 AS one FROM "users" WHERE LOWER("users"."email") = LOWER('foo@invalid') LIMIT 1
  [1m[36m (0.1ms)[0m  [1mrollback transaction[0m


Started POST "/users" for 82.230.143.56 at 2015-02-13 11:21:45 +0000
  [1m[36mActiveRecord::SchemaMigration Load (0.2ms)[0m  [1mSELECT "schema_migrations".* FROM "schema_migrations"[0m
Processing by UsersController#create as HTML
  Parameters: {"utf8"=>"✓", "authenticity_token"=>"+H0cv3/n6obOVjInJd+KfMwrd2qwAe0bZkubVYEgx3USNz793vVYEFB0Ez0EZhhWrA4JbbHI6LvXMrjtKo4jag==", "user"=>{"name"=>"azerty", "email"=>"azerty@azerty.com", "password"=>"[FILTERED]", "password_confirmation"=>"[FILTERED]"}, "commit"=>"Create my account"}
  [1m[35m (0.1ms)[0m  begin transaction
  [1m[36mUser Exists (0.3ms)[0m  [1mSELECT  1 AS one FROM "users" WHERE LOWER("users"."email") = LOWER('azerty@azerty.com') LIMIT 1[0m
  [1m[35m (0.1ms)[0m  rollback transaction
  Rendered shared/_error_messages.html.erb (2.8ms)
  Rendered users/new.html.erb within layouts/application (41.2ms)


Started GET "/users" for 109.190.120.197 at 2015-02-13 11:22:35 +0000
  [1m[36mActiveRecord::SchemaMigration Load (0.2ms)[0m  [1mSELECT "schema_migrations".* FROM "schema_migrations"[0m

AbstractController::ActionNotFound (The action 'index' could not be found for UsersController):
  actionpack (4.2.0) lib/abstract_controller/base.rb:132:in `process'
  actionview (4.2.0) lib/action_view/rendering.rb:30:in `process'
  actionpack (4.2.0) lib/action_controller/metal.rb:195:in `dispatch'
  actionpack (4.2.0) lib/action_controller/metal/rack_delegation.rb:13:in `dispatch'
  actionpack (4.2.0) lib/action_controller/metal.rb:236:in `block in action'
  actionpack (4.2.0) lib/action_dispatch/routing/route_set.rb:73:in `call'
  actionpack (4.2.0) lib/action_dispatch/routing/route_set.rb:73:in `dispatch'
  actionpack (4.2.0) lib/action_dispatch/routing/route_set.rb:42:in `serve'
  actionpack (4.2.0) lib/action_dispatch/journey/router.rb:43:in `block in serve'
  actionpack (4.2.0) lib/action_dispatch/journey/router.rb:30:in `each'
  actionpack (4.2.0) lib/action_dispatch/journey/router.rb:30:in `serve'
  actionpack (4.2.0) lib/action_dispatch/routing/route_set.rb:802:in `call'
  rack (1.6.0) lib/rack/etag.rb:24:in `call'
  rack (1.6.0) lib/rack/conditionalget.rb:25:in `call'
  rack (1.6.0) lib/rack/head.rb:13:in `call'
  actionpack (4.2.0) lib/action_dispatch/middleware/params_parser.rb:27:in `call'
  actionpack (4.2.0) lib/action_dispatch/middleware/flash.rb:260:in `call'
  rack (1.6.0) lib/rack/session/abstract/id.rb:225:in `context'
  rack (1.6.0) lib/rack/session/abstract/id.rb:220:in `call'
  actionpack (4.2.0) lib/action_dispatch/middleware/cookies.rb:560:in `call'
  activerecord (4.2.0) lib/active_record/query_cache.rb:36:in `call'
  activerecord (4.2.0) lib/active_record/connection_adapters/abstract/connection_pool.rb:647:in `call'
  activerecord (4.2.0) lib/active_record/migration.rb:378:in `call'
  actionpack (4.2.0) lib/action_dispatch/middleware/callbacks.rb:29:in `block in call'
  activesupport (4.2.0) lib/active_support/callbacks.rb:88:in `call'
  activesupport (4.2.0) lib/active_support/callbacks.rb:88:in `_run_callbacks'
  activesupport (4.2.0) lib/active_support/callbacks.rb:734:in `_run_call_callbacks'
  activesupport (4.2.0) lib/active_support/callbacks.rb:81:in `run_callbacks'
  actionpack (4.2.0) lib/action_dispatch/middleware/callbacks.rb:27:in `call'
  actionpack (4.2.0) lib/action_dispatch/middleware/reloader.rb:73:in `call'
  actionpack (4.2.0) lib/action_dispatch/middleware/remote_ip.rb:78:in `call'
  web-console (2.0.0.beta3) lib/action_dispatch/debug_exceptions.rb:18:in `middleware_call'
  web-console (2.0.0.beta3) lib/action_dispatch/debug_exceptions.rb:13:in `call'
  actionpack (4.2.0) lib/action_dispatch/middleware/show_exceptions.rb:30:in `call'
  railties (4.2.0) lib/rails/rack/logger.rb:38:in `call_app'
  railties (4.2.0) lib/rails/rack/logger.rb:20:in `block in call'
  activesupport (4.2.0) lib/active_support/tagged_logging.rb:68:in `block in tagged'
  activesupport (4.2.0) lib/active_support/tagged_logging.rb:26:in `tagged'
  activesupport (4.2.0) lib/active_support/tagged_logging.rb:68:in `tagged'
  railties (4.2.0) lib/rails/rack/logger.rb:20:in `call'
  actionpack (4.2.0) lib/action_dispatch/middleware/request_id.rb:21:in `call'
  rack (1.6.0) lib/rack/methodoverride.rb:22:in `call'
  rack (1.6.0) lib/rack/runtime.rb:18:in `call'
  activesupport (4.2.0) lib/active_support/cache/strategy/local_cache_middleware.rb:28:in `call'
  rack (1.6.0) lib/rack/lock.rb:17:in `call'
  actionpack (4.2.0) lib/action_dispatch/middleware/static.rb:113:in `call'
  rack (1.6.0) lib/rack/sendfile.rb:113:in `call'
  railties (4.2.0) lib/rails/engine.rb:518:in `call'
  railties (4.2.0) lib/rails/application.rb:164:in `call'
  rack (1.6.0) lib/rack/lock.rb:17:in `call'
  rack (1.6.0) lib/rack/content_length.rb:15:in `call'
  rack (1.6.0) lib/rack/handler/webrick.rb:89:in `service'
  /usr/local/rvm/rubies/ruby-2.1.5/lib/ruby/2.1.0/webrick/httpserver.rb:138:in `service'
  /usr/local/rvm/rubies/ruby-2.1.5/lib/ruby/2.1.0/webrick/httpserver.rb:94:in `run'
  /usr/local/rvm/rubies/ruby-2.1.5/lib/ruby/2.1.0/webrick/server.rb:295:in `block in start_thread'


  Rendered /usr/local/rvm/gems/ruby-2.1.5@rails4/gems/web-console-2.0.0.beta3/lib/action_dispatch/templates/rescues/unknown_action.html.erb within rescues/layout (3.8ms)


Started GET "/" for 109.190.120.197 at 2015-02-13 11:22:40 +0000
Processing by StaticPagesController#home as HTML
  Rendered static_pages/home.html.erb within layouts/application (3.1ms)
  Rendered layouts/_shim.html.erb (0.5ms)
  Rendered layouts/_header.html.erb (0.8ms)
  Rendered layouts/_footer.html.erb (0.5ms)
Completed 200 OK in 5807ms (Views: 5794.0ms | ActiveRecord: 0.0ms)


Started GET "/" for 82.230.143.56 at 2015-02-13 11:22:47 +0000
Processing by StaticPagesController#home as HTML
  Rendered static_pages/home.html.erb within layouts/application (0.7ms)
  Rendered layouts/_shim.html.erb (0.1ms)
  Rendered layouts/_header.html.erb (0.3ms)
  Rendered layouts/_footer.html.erb (0.2ms)
Completed 200 OK in 151ms (Views: 150.1ms | ActiveRecord: 0.0ms)


Started GET "/assets/custom.css?body=1" for 82.230.143.56 at 2015-02-13 11:22:47 +0000


Started GET "/assets/static_pages.css?body=1" for 109.190.120.197 at 2015-02-13 11:22:47 +0000


Started GET "/assets/users.css?body=1" for 109.190.120.197 at 2015-02-13 11:22:48 +0000


Started GET "/assets/jquery_ujs.js?body=1" for 109.190.120.197 at 2015-02-13 11:22:48 +0000


Started GET "/assets/application.css?body=1" for 82.230.143.56 at 2015-02-13 11:22:48 +0000


Started GET "/assets/users.js?body=1" for 109.190.120.197 at 2015-02-13 11:22:48 +0000


Started GET "/assets/static_pages.js?body=1" for 109.190.120.197 at 2015-02-13 11:22:48 +0000


Started GET "/assets/turbolinks.js?body=1" for 109.190.120.197 at 2015-02-13 11:22:48 +0000


Started GET "/assets/application.js?body=1" for 109.190.120.197 at 2015-02-13 11:22:48 +0000


Started GET "/assets/rails.png" for 109.190.120.197 at 2015-02-13 11:22:49 +0000


Started GET "/assets/jquery.js?body=1" for 82.230.143.56 at 2015-02-13 11:22:49 +0000


Started GET "/signup" for 82.230.143.56 at 2015-02-13 11:22:52 +0000
Processing by UsersController#new as HTML
  Rendered shared/_error_messages.html.erb (4.5ms)
  Rendered users/new.html.erb within layouts/application (37.5ms)
  Rendered layouts/_shim.html.erb (0.7ms)
  Rendered layouts/_header.html.erb (10.4ms)
  Rendered layouts/_footer.html.erb (0.8ms)
Completed 200 OK in 235ms (Views: 222.2ms | ActiveRecord: 0.8ms)


Started POST "/users" for 82.230.143.56 at 2015-02-13 11:22:56 +0000
Processing by UsersController#create as HTML
  Parameters: {"utf8"=>"✓", "authenticity_token"=>"OhyS76C7X0CvrGPhymen5hQ+N2PWAd7MsSy9iIVYAQfQVrCtAant1jGOQvvr3jXMdBtJZNfI22wAVZ4wLvblGA==", "user"=>{"name"=>"aa", "email"=>"", "password"=>"[FILTERED]", "password_confirmation"=>"[FILTERED]"}, "commit"=>"Create my account"}
  [1m[35m (0.4ms)[0m  begin transaction
  [1m[36mUser Exists (0.3ms)[0m  [1mSELECT  1 AS one FROM "users" WHERE LOWER("users"."email") = LOWER('') LIMIT 1[0m
  [1m[35m (0.1ms)[0m  rollback transaction
  Rendered shared/_error_messages.html.erb (3.1ms)
  Rendered users/new.html.erb within layouts/application (8.9ms)
  Rendered layouts/_shim.html.erb (0.1ms)
  Rendered layouts/_header.html.erb (0.4ms)
  Rendered layouts/_footer.html.erb (0.3ms)
Completed 200 OK in 193ms (Views: 163.5ms | ActiveRecord: 0.7ms)


Started GET "/assets/users.css?body=1" for 109.190.120.197 at 2015-02-13 11:22:57 +0000


Started GET "/assets/application.css?body=1" for 109.190.120.197 at 2015-02-13 11:22:57 +0000


Started GET "/assets/static_pages.css?body=1" for 82.230.143.56 at 2015-02-13 11:22:57 +0000


Started GET "/assets/jquery_ujs.js?body=1" for 109.190.120.197 at 2015-02-13 11:22:57 +0000


Started GET "/assets/turbolinks.js?body=1" for 109.190.120.197 at 2015-02-13 11:22:57 +0000


Started GET "/assets/static_pages.js?body=1" for 109.190.120.197 at 2015-02-13 11:22:57 +0000


Started GET "/assets/jquery.js?body=1" for 82.230.143.56 at 2015-02-13 11:22:57 +0000


Started GET "/assets/application.js?body=1" for 82.230.143.56 at 2015-02-13 11:22:57 +0000


Started GET "/assets/users.js?body=1" for 109.190.120.197 at 2015-02-13 11:22:57 +0000


Started GET "/users" for 109.190.120.197 at 2015-02-13 11:29:17 +0000
  [1m[36mActiveRecord::SchemaMigration Load (0.2ms)[0m  [1mSELECT "schema_migrations".* FROM "schema_migrations"[0m

AbstractController::ActionNotFound (The action 'index' could not be found for UsersController):
  actionpack (4.2.0) lib/abstract_controller/base.rb:132:in `process'
  actionview (4.2.0) lib/action_view/rendering.rb:30:in `process'
  actionpack (4.2.0) lib/action_controller/metal.rb:195:in `dispatch'
  actionpack (4.2.0) lib/action_controller/metal/rack_delegation.rb:13:in `dispatch'
  actionpack (4.2.0) lib/action_controller/metal.rb:236:in `block in action'
  actionpack (4.2.0) lib/action_dispatch/routing/route_set.rb:73:in `call'
  actionpack (4.2.0) lib/action_dispatch/routing/route_set.rb:73:in `dispatch'
  actionpack (4.2.0) lib/action_dispatch/routing/route_set.rb:42:in `serve'
  actionpack (4.2.0) lib/action_dispatch/journey/router.rb:43:in `block in serve'
  actionpack (4.2.0) lib/action_dispatch/journey/router.rb:30:in `each'
  actionpack (4.2.0) lib/action_dispatch/journey/router.rb:30:in `serve'
  actionpack (4.2.0) lib/action_dispatch/routing/route_set.rb:802:in `call'
  rack (1.6.0) lib/rack/etag.rb:24:in `call'
  rack (1.6.0) lib/rack/conditionalget.rb:25:in `call'
  rack (1.6.0) lib/rack/head.rb:13:in `call'
  actionpack (4.2.0) lib/action_dispatch/middleware/params_parser.rb:27:in `call'
  actionpack (4.2.0) lib/action_dispatch/middleware/flash.rb:260:in `call'
  rack (1.6.0) lib/rack/session/abstract/id.rb:225:in `context'
  rack (1.6.0) lib/rack/session/abstract/id.rb:220:in `call'
  actionpack (4.2.0) lib/action_dispatch/middleware/cookies.rb:560:in `call'
  activerecord (4.2.0) lib/active_record/query_cache.rb:36:in `call'
  activerecord (4.2.0) lib/active_record/connection_adapters/abstract/connection_pool.rb:647:in `call'
  activerecord (4.2.0) lib/active_record/migration.rb:378:in `call'
  actionpack (4.2.0) lib/action_dispatch/middleware/callbacks.rb:29:in `block in call'
  activesupport (4.2.0) lib/active_support/callbacks.rb:88:in `call'
  activesupport (4.2.0) lib/active_support/callbacks.rb:88:in `_run_callbacks'
  activesupport (4.2.0) lib/active_support/callbacks.rb:734:in `_run_call_callbacks'
  activesupport (4.2.0) lib/active_support/callbacks.rb:81:in `run_callbacks'
  actionpack (4.2.0) lib/action_dispatch/middleware/callbacks.rb:27:in `call'
  actionpack (4.2.0) lib/action_dispatch/middleware/reloader.rb:73:in `call'
  actionpack (4.2.0) lib/action_dispatch/middleware/remote_ip.rb:78:in `call'
  web-console (2.0.0.beta3) lib/action_dispatch/debug_exceptions.rb:18:in `middleware_call'
  web-console (2.0.0.beta3) lib/action_dispatch/debug_exceptions.rb:13:in `call'
  actionpack (4.2.0) lib/action_dispatch/middleware/show_exceptions.rb:30:in `call'
  railties (4.2.0) lib/rails/rack/logger.rb:38:in `call_app'
  railties (4.2.0) lib/rails/rack/logger.rb:20:in `block in call'
  activesupport (4.2.0) lib/active_support/tagged_logging.rb:68:in `block in tagged'
  activesupport (4.2.0) lib/active_support/tagged_logging.rb:26:in `tagged'
  activesupport (4.2.0) lib/active_support/tagged_logging.rb:68:in `tagged'
  railties (4.2.0) lib/rails/rack/logger.rb:20:in `call'
  actionpack (4.2.0) lib/action_dispatch/middleware/request_id.rb:21:in `call'
  rack (1.6.0) lib/rack/methodoverride.rb:22:in `call'
  rack (1.6.0) lib/rack/runtime.rb:18:in `call'
  activesupport (4.2.0) lib/active_support/cache/strategy/local_cache_middleware.rb:28:in `call'
  rack (1.6.0) lib/rack/lock.rb:17:in `call'
  actionpack (4.2.0) lib/action_dispatch/middleware/static.rb:113:in `call'
  rack (1.6.0) lib/rack/sendfile.rb:113:in `call'
  railties (4.2.0) lib/rails/engine.rb:518:in `call'
  railties (4.2.0) lib/rails/application.rb:164:in `call'
  rack (1.6.0) lib/rack/lock.rb:17:in `call'
  rack (1.6.0) lib/rack/content_length.rb:15:in `call'
  rack (1.6.0) lib/rack/handler/webrick.rb:89:in `service'
  /usr/local/rvm/rubies/ruby-2.1.5/lib/ruby/2.1.0/webrick/httpserver.rb:138:in `service'
  /usr/local/rvm/rubies/ruby-2.1.5/lib/ruby/2.1.0/webrick/httpserver.rb:94:in `run'
  /usr/local/rvm/rubies/ruby-2.1.5/lib/ruby/2.1.0/webrick/server.rb:295:in `block in start_thread'


  Rendered /usr/local/rvm/gems/ruby-2.1.5@rails4/gems/web-console-2.0.0.beta3/lib/action_dispatch/templates/rescues/unknown_action.html.erb within rescues/layout (3.4ms)


Started GET "/" for 109.190.120.197 at 2015-02-13 11:29:22 +0000
Processing by StaticPagesController#home as HTML
  Rendered static_pages/home.html.erb within layouts/application (3.2ms)
  Rendered layouts/_shim.html.erb (0.4ms)
  Rendered layouts/_header.html.erb (0.9ms)
  Rendered layouts/_footer.html.erb (0.5ms)
Completed 200 OK in 541ms (Views: 526.5ms | ActiveRecord: 0.0ms)


Started GET "/assets/static_pages.css?body=1" for 82.230.143.56 at 2015-02-13 11:29:23 +0000


Started GET "/assets/jquery_ujs.js?body=1" for 82.230.143.56 at 2015-02-13 11:29:23 +0000


Started GET "/assets/users.css?body=1" for 109.190.120.197 at 2015-02-13 11:29:23 +0000


Started GET "/assets/custom.css?body=1" for 109.190.120.197 at 2015-02-13 11:29:23 +0000


Started GET "/assets/application.css?body=1" for 109.190.120.197 at 2015-02-13 11:29:23 +0000


Started GET "/assets/jquery.js?body=1" for 109.190.120.197 at 2015-02-13 11:29:23 +0000


Started GET "/assets/turbolinks.js?body=1" for 82.230.143.56 at 2015-02-13 11:29:23 +0000


Started GET "/assets/static_pages.js?body=1" for 109.190.120.197 at 2015-02-13 11:29:23 +0000


Started GET "/assets/users.js?body=1" for 82.230.143.56 at 2015-02-13 11:29:23 +0000


Started GET "/assets/application.js?body=1" for 109.190.120.197 at 2015-02-13 11:29:24 +0000


Started GET "/assets/rails.png" for 109.190.120.197 at 2015-02-13 11:29:24 +0000


Started GET "/signup" for 109.190.120.197 at 2015-02-13 11:29:27 +0000
Processing by UsersController#new as HTML
  Rendered shared/_error_messages.html.erb (4.4ms)
  Rendered users/new.html.erb within layouts/application (40.4ms)
  Rendered layouts/_shim.html.erb (0.5ms)
  Rendered layouts/_header.html.erb (0.8ms)
  Rendered layouts/_footer.html.erb (0.6ms)
Completed 200 OK in 496ms (Views: 480.3ms | ActiveRecord: 0.8ms)


Started POST "/users" for 109.190.120.197 at 2015-02-13 11:29:31 +0000
Processing by UsersController#create as HTML
  Parameters: {"utf8"=>"✓", "authenticity_token"=>"tE7htcCtmoYfHQBd1PpVQtyFI312RK4v+3muVcX6ywdeBMP3Yb8oEIE/IUf1Q8dovKBdeneNq49KAI3tblQvGA==", "user"=>{"name"=>"aaa", "email"=>"", "password"=>"[FILTERED]", "password_confirmation"=>"[FILTERED]"}, "commit"=>"Create my account"}
  [1m[35m (0.2ms)[0m  begin transaction
  [1m[36mUser Exists (0.3ms)[0m  [1mSELECT  1 AS one FROM "users" WHERE LOWER("users"."email") = LOWER('') LIMIT 1[0m
  [1m[35m (0.1ms)[0m  rollback transaction
  Rendered shared/_error_messages.html.erb (2.9ms)
  Rendered users/new.html.erb within layouts/application (8.1ms)
  Rendered layouts/_shim.html.erb (0.1ms)
  Rendered layouts/_header.html.erb (0.5ms)
  Rendered layouts/_footer.html.erb (0.2ms)
Completed 200 OK in 201ms (Views: 165.4ms | ActiveRecord: 0.5ms)


Started GET "/assets/custom.css?body=1" for 109.190.120.197 at 2015-02-13 11:29:31 +0000


Started GET "/assets/jquery.js?body=1" for 82.230.143.56 at 2015-02-13 11:29:31 +0000


Started GET "/assets/static_pages.css?body=1" for 109.190.120.197 at 2015-02-13 11:29:31 +0000


Started GET "/assets/users.css?body=1" for 109.190.120.197 at 2015-02-13 11:29:31 +0000


Started GET "/assets/jquery_ujs.js?body=1" for 82.230.143.56 at 2015-02-13 11:29:31 +0000


Started GET "/assets/turbolinks.js?body=1" for 109.190.120.197 at 2015-02-13 11:29:31 +0000


Started GET "/assets/static_pages.js?body=1" for 82.230.143.56 at 2015-02-13 11:29:31 +0000


Started GET "/assets/application.css?body=1" for 109.190.120.197 at 2015-02-13 11:29:31 +0000


Started GET "/assets/users.js?body=1" for 109.190.120.197 at 2015-02-13 11:29:31 +0000


Started GET "/assets/application.js?body=1" for 109.190.120.197 at 2015-02-13 11:29:32 +0000
  [1m[36m (0.3ms)[0m  [1mSELECT COUNT(*) FROM "users"[0m
  [1m[36m (0.3ms)[0m  [1mSELECT COUNT(*) FROM "users"[0m


Started GET "/" for 82.230.143.56 at 2015-02-16 10:23:40 +0000
  [1m[36mActiveRecord::SchemaMigration Load (0.2ms)[0m  [1mSELECT "schema_migrations".* FROM "schema_migrations"[0m
Processing by StaticPagesController#home as HTML
  Rendered static_pages/home.html.erb within layouts/application (8.5ms)
  Rendered layouts/_shim.html.erb (0.4ms)
  Rendered layouts/_header.html.erb (0.9ms)
  Rendered layouts/_footer.html.erb (0.6ms)
Completed 200 OK in 443ms (Views: 430.9ms | ActiveRecord: 0.0ms)


Started GET "/assets/custom.css?body=1" for 82.230.143.56 at 2015-02-16 10:23:41 +0000


Started GET "/assets/users.css?body=1" for 82.230.143.56 at 2015-02-16 10:23:42 +0000


Started GET "/assets/jquery_ujs.js?body=1" for 82.230.143.56 at 2015-02-16 10:23:42 +0000


Started GET "/assets/static_pages.css?body=1" for 82.230.143.56 at 2015-02-16 10:23:42 +0000


Started GET "/assets/application.css?body=1" for 109.190.120.197 at 2015-02-16 10:23:42 +0000


Started GET "/assets/turbolinks.js?body=1" for 82.230.143.56 at 2015-02-16 10:23:43 +0000


Started GET "/assets/users.js?body=1" for 82.230.143.56 at 2015-02-16 10:23:45 +0000


Started GET "/assets/application.js?body=1" for 82.230.143.56 at 2015-02-16 10:23:45 +0000


Started GET "/assets/jquery.js?body=1" for 109.190.120.197 at 2015-02-16 10:23:45 +0000


Started GET "/assets/static_pages.js?body=1" for 82.230.143.56 at 2015-02-16 10:23:45 +0000


Started GET "/assets/rails.png" for 109.190.120.197 at 2015-02-16 10:23:46 +0000


Started GET "/signup" for 109.190.120.197 at 2015-02-16 10:23:49 +0000
Processing by UsersController#new as HTML
  Rendered shared/_error_messages.html.erb (7.9ms)
  Rendered users/new.html.erb within layouts/application (55.8ms)
  Rendered layouts/_shim.html.erb (0.4ms)
  Rendered layouts/_header.html.erb (0.8ms)
  Rendered layouts/_footer.html.erb (0.6ms)
Completed 200 OK in 234ms (Views: 221.4ms | ActiveRecord: 0.7ms)


Started POST "/users" for 109.190.120.197 at 2015-02-16 10:24:14 +0000
Processing by UsersController#create as HTML
  Parameters: {"utf8"=>"✓", "authenticity_token"=>"EuTQYPEsPYnau35UO7EzLgPChwiU0jnOjpvuR/svUIv4rvIiUD6PH0SZX04aCKEEY+f5D5UbPG4/4s3/UIG0lA==", "user"=>{"name"=>"test", "email"=>"test@test.com", "password"=>"[FILTERED]", "password_confirmation"=>"[FILTERED]"}, "commit"=>"Create my account"}
  [1m[35m (0.4ms)[0m  begin transaction
  [1m[36mUser Exists (0.3ms)[0m  [1mSELECT  1 AS one FROM "users" WHERE LOWER("users"."email") = LOWER('test@test.com') LIMIT 1[0m
  [1m[35mSQL (0.5ms)[0m  INSERT INTO "users" ("name", "email", "password_digest", "created_at", "updated_at") VALUES (?, ?, ?, ?, ?)  [["name", "test"], ["email", "test@test.com"], ["password_digest", "$2a$10$djBCs0wP7YAAQvANjkvLTu.xsG4xawdH2vZiUTwjSP5YDMFr72tRW"], ["created_at", "2015-02-16 10:24:14.262414"], ["updated_at", "2015-02-16 10:24:14.262414"]]
  [1m[36m (13.1ms)[0m  [1mcommit transaction[0m
Redirected to https://sample-app-v4-2-nhazffs1.c9.io/users/2
Completed 302 Found in 127ms (ActiveRecord: 14.4ms)


Started GET "/users/2" for 109.190.120.197 at 2015-02-16 10:24:15 +0000
Processing by UsersController#show as HTML
  Parameters: {"id"=>"2"}
  [1m[35mUser Load (0.4ms)[0m  SELECT  "users".* FROM "users" WHERE "users"."id" = ? LIMIT 1  [["id", 2]]
  Rendered users/show.html.erb within layouts/application (1.0ms)
  Rendered layouts/_shim.html.erb (0.1ms)
  Rendered layouts/_header.html.erb (0.4ms)
  Rendered layouts/_footer.html.erb (0.2ms)
Completed 200 OK in 156ms (Views: 138.1ms | ActiveRecord: 0.4ms)


Started GET "/assets/application.css?body=1" for 82.230.143.56 at 2015-02-16 10:24:16 +0000


Started GET "/assets/jquery.js?body=1" for 82.230.143.56 at 2015-02-16 10:24:16 +0000


Started GET "/assets/users.css?body=1" for 109.190.120.197 at 2015-02-16 10:24:16 +0000


Started GET "/assets/static_pages.css?body=1" for 82.230.143.56 at 2015-02-16 10:24:16 +0000


Started GET "/assets/jquery_ujs.js?body=1" for 82.230.143.56 at 2015-02-16 10:24:16 +0000


Started GET "/assets/turbolinks.js?body=1" for 109.190.120.197 at 2015-02-16 10:24:17 +0000


Started GET "/assets/custom.css?body=1" for 109.190.120.197 at 2015-02-16 10:24:18 +0000


Started GET "/assets/users.js?body=1" for 82.230.143.56 at 2015-02-16 10:24:18 +0000


Started GET "/assets/application.js?body=1" for 82.230.143.56 at 2015-02-16 10:24:18 +0000


Started GET "/assets/static_pages.js?body=1" for 82.230.143.56 at 2015-02-16 10:24:18 +0000


Started GET "/" for 82.230.143.56 at 2015-02-16 10:24:42 +0000
Processing by StaticPagesController#home as HTML
  Rendered static_pages/home.html.erb within layouts/application (1.6ms)
  Rendered layouts/_shim.html.erb (0.1ms)
  Rendered layouts/_header.html.erb (0.3ms)
  Rendered layouts/_footer.html.erb (0.2ms)
Completed 200 OK in 181ms (Views: 179.9ms | ActiveRecord: 0.0ms)


Started GET "/assets/rails.png" for 82.230.143.56 at 2015-02-16 10:24:44 +0000
